mkdir -p failed for path /.config/matplotlib: [Errno 13] Permission denied: '/.config'
Matplotlib created a temporary cache directory at /tmp/matplotlib-fj_f5_9i because there was an issue with the default path (/.config/matplotlib); it is highly recommended to set the MPLCONFIGDIR environment variable to a writable directory, in particular to speed up the import of Matplotlib and to better support multiprocessing.
/media/work/carlosromaniello/Mestrado/venv/lib/python3.11/site-packages/torch_geometric/typing.py:68: UserWarning: An issue occurred while importing 'pyg-lib'. Disabling its usage. Stacktrace: /media/work/carlosromaniello/Mestrado/venv/lib/python3.11/site-packages/libpyg.so: undefined symbol: _ZNK5torch8autograd4Node4nameEv
  warnings.warn(f"An issue occurred while importing 'pyg-lib'. "
/media/work/carlosromaniello/Mestrado/venv/lib/python3.11/site-packages/torch_geometric/typing.py:86: UserWarning: An issue occurred while importing 'torch-scatter'. Disabling its usage. Stacktrace: /media/work/carlosromaniello/Mestrado/venv/lib/python3.11/site-packages/torch_scatter/_version_cuda.so: undefined symbol: _ZN3c1017RegisterOperatorsD1Ev
  warnings.warn(f"An issue occurred while importing 'torch-scatter'. "
/media/work/carlosromaniello/Mestrado/venv/lib/python3.11/site-packages/torch_geometric/typing.py:97: UserWarning: An issue occurred while importing 'torch-cluster'. Disabling its usage. Stacktrace: /media/work/carlosromaniello/Mestrado/venv/lib/python3.11/site-packages/torch_cluster/_version_cuda.so: undefined symbol: _ZN3c1017RegisterOperatorsD1Ev
  warnings.warn(f"An issue occurred while importing 'torch-cluster'. "
/media/work/carlosromaniello/Mestrado/venv/lib/python3.11/site-packages/torch_geometric/typing.py:113: UserWarning: An issue occurred while importing 'torch-spline-conv'. Disabling its usage. Stacktrace: /media/work/carlosromaniello/Mestrado/venv/lib/python3.11/site-packages/torch_spline_conv/_version_cuda.so: undefined symbol: _ZN5torch3jit17parseSchemaOrNameERKSsb
  warnings.warn(
/media/work/carlosromaniello/Mestrado/venv/lib/python3.11/site-packages/torch_geometric/typing.py:124: UserWarning: An issue occurred while importing 'torch-sparse'. Disabling its usage. Stacktrace: /media/work/carlosromaniello/Mestrado/venv/lib/python3.11/site-packages/torch_sparse/_version_cuda.so: undefined symbol: _ZN3c1017RegisterOperatorsD1Ev
  warnings.warn(f"An issue occurred while importing 'torch-sparse'. "
  --------------------------------------------------------
  Getting data for week 1...
    Reading data...
    Data read successfully
    Calculating possession team point difference...
    Verifying plays result...
    Verifying invalid values...
    Calculating game clock to seconds...
    Calculating total distance...
    Merging player info...
    Calculating distance between players...
    Creating graphs...
    Balancing graphs...

  --------------------------------------------------------
  Getting data for week 2...
    Reading data...
    Data read successfully
    Calculating possession team point difference...
    Verifying plays result...
    Verifying invalid values...
    Calculating game clock to seconds...
    Calculating total distance...
    Merging player info...
    Calculating distance between players...
    Creating graphs...
    Balancing graphs...

  --------------------------------------------------------
  Getting data for week 3...
    Reading data...
    Data read successfully
    Calculating possession team point difference...
    Verifying plays result...
    Verifying invalid values...
    Calculating game clock to seconds...
    Calculating total distance...
    Merging player info...
    Calculating distance between players...
    Creating graphs...
    Balancing graphs...

  --------------------------------------------------------
  Getting data for week 4...
    Reading data...
    Data read successfully
    Calculating possession team point difference...
    Verifying plays result...
    Verifying invalid values...
    Calculating game clock to seconds...
    Calculating total distance...
    Merging player info...
    Calculating distance between players...
    Creating graphs...
    Balancing graphs...

  --------------------------------------------------------
  Getting data for week 5...
    Reading data...
    Data read successfully
    Calculating possession team point difference...
    Verifying plays result...
    Verifying invalid values...
    Calculating game clock to seconds...
    Calculating total distance...
    Merging player info...
    Calculating distance between players...
    Creating graphs...
    Balancing graphs...

  --------------------------------------------------------
  Getting data for week 6...
    Reading data...
    Data read successfully
    Calculating possession team point difference...
    Verifying plays result...
    Verifying invalid values...
    Calculating game clock to seconds...
    Calculating total distance...
    Merging player info...
    Calculating distance between players...
    Creating graphs...
    Balancing graphs...

  --------------------------------------------------------
  Getting data for week 7...
    Reading data...
    Data read successfully
    Calculating possession team point difference...
    Verifying plays result...
    Verifying invalid values...
    Calculating game clock to seconds...
    Calculating total distance...
    Merging player info...
    Calculating distance between players...
    Creating graphs...
    Balancing graphs...

  --------------------------------------------------------
  Getting data for week 8...
    Reading data...
    Data read successfully
    Calculating possession team point difference...
    Verifying plays result...
    Verifying invalid values...
    Calculating game clock to seconds...
    Calculating total distance...
    Merging player info...
    Calculating distance between players...
    Creating graphs...
    Balancing graphs...

  --------------------------------------------------------
  Getting data for week 9...
    Reading data...
    Data read successfully
    Calculating possession team point difference...
    Verifying plays result...
    Verifying invalid values...
    Calculating game clock to seconds...
    Calculating total distance...
    Merging player info...
    Calculating distance between players...
    Creating graphs...
    Balancing graphs...

  Iteration 1/20
    CONFIG values:
      RANDOM_SEED: 1
      GNN_EPOCHS: 500
      GNN_HIDDEN_CHANNELS: 64
      GNN_HIDDEN_LAYERS: 2
      GNN_LEARNING_RATE: 0.001
      GNN_DROPOUT: 0.2
      GNN_WEIGHT_DECAY: 0.0005
      RF_ESTIMATORS: 150
      MLP_HIDDEN_CHANNELS: 32
      MLP_HIDDEN_LAYERS: 2
      MLP_MAX_ITER: 3000
      MLP_LEARNING_RATE: 0.01
      MLP_ALPHA: 0.0005
      VALIDATION_SPLIT: 0.8
      TEST_SPLIT: 0.9
      SHOW_INFO: True
    Running model...
 Converting graphs to PyTorch Geometric format...

    ====================
    Number of graphs: 12206
    Number of train graphs: 9764
    Number of validation graphs: 1220
    Number of test graphs: 1222
    Percentage of passes in train set: 50.00%
    Percentage of rushes in train set: 50.00%
    Percentage of passes in validation set: 50.00%
    Percentage of rushes in validation set: 50.00%
    Percentage of passes in test set: 50.00%
    Percentage of rushes in test set: 50.00%

Data(x=[22, 23], edge_index=[2, 47], edge_attr=[47, 1], y=[1])
    =============================================================
    Number of nodes: 22
    Number of node features: 23
    Number of edges: 47
    Average node degree: 2.14
    Has isolated nodes: False
    Has self-loops: False
    Is undirected: False
 Converting graphs to PyTorch Geometric format...
 Converting graphs to PyTorch Geometric format...
 Converting graphs to PyTorch Geometric format...
 Converting graphs to PyTorch Geometric format...
    GCN(
  (conv1): GCNConv(23, 64)
  (conv2): GCNConv(64, 64)
  (conv3): GCNConv(64, 64)
  (lin): Linear(in_features=64, out_features=2, bias=True)
)

    Epoch: 010, Total Loss: 0.0098, Train Acc: 0.6791, Val Acc: 0.6943
    Epoch: 020, Total Loss: 0.0091, Train Acc: 0.7149, Val Acc: 0.7025
    Epoch: 030, Total Loss: 0.0088, Train Acc: 0.7169, Val Acc: 0.7016
    Epoch: 040, Total Loss: 0.0087, Train Acc: 0.7262, Val Acc: 0.7279
    Epoch: 050, Total Loss: 0.0088, Train Acc: 0.7410, Val Acc: 0.7426
    Epoch: 060, Total Loss: 0.0085, Train Acc: 0.7338, Val Acc: 0.7393
    Epoch: 070, Total Loss: 0.0085, Train Acc: 0.7273, Val Acc: 0.7189
    Epoch: 080, Total Loss: 0.0084, Train Acc: 0.7355, Val Acc: 0.7451
    Epoch: 090, Total Loss: 0.0083, Train Acc: 0.7522, Val Acc: 0.7525
    Epoch: 100, Total Loss: 0.0083, Train Acc: 0.7470, Val Acc: 0.7451
    Epoch: 110, Total Loss: 0.0082, Train Acc: 0.7546, Val Acc: 0.7451
    Epoch: 120, Total Loss: 0.0082, Train Acc: 0.7573, Val Acc: 0.7590
    Epoch: 130, Total Loss: 0.0081, Train Acc: 0.7556, Val Acc: 0.7475
    Epoch: 140, Total Loss: 0.0081, Train Acc: 0.7505, Val Acc: 0.7418
    Epoch: 150, Total Loss: 0.0080, Train Acc: 0.7503, Val Acc: 0.7221
    Epoch: 160, Total Loss: 0.0080, Train Acc: 0.7551, Val Acc: 0.7451
    Epoch: 170, Total Loss: 0.0080, Train Acc: 0.7597, Val Acc: 0.7525
    Epoch: 180, Total Loss: 0.0078, Train Acc: 0.7653, Val Acc: 0.7541
    Epoch: 190, Total Loss: 0.0079, Train Acc: 0.7627, Val Acc: 0.7639
    Epoch: 200, Total Loss: 0.0079, Train Acc: 0.7617, Val Acc: 0.7533
    Epoch: 210, Total Loss: 0.0079, Train Acc: 0.7654, Val Acc: 0.7566
    Epoch: 220, Total Loss: 0.0077, Train Acc: 0.7579, Val Acc: 0.7410
    Epoch: 230, Total Loss: 0.0078, Train Acc: 0.7701, Val Acc: 0.7582
    Epoch: 240, Total Loss: 0.0078, Train Acc: 0.7718, Val Acc: 0.7697
    Epoch: 250, Total Loss: 0.0078, Train Acc: 0.7680, Val Acc: 0.7689
    Epoch: 260, Total Loss: 0.0078, Train Acc: 0.7713, Val Acc: 0.7664
    Epoch: 270, Total Loss: 0.0077, Train Acc: 0.7597, Val Acc: 0.7393
    Epoch: 280, Total Loss: 0.0077, Train Acc: 0.7565, Val Acc: 0.7582
    Epoch: 290, Total Loss: 0.0077, Train Acc: 0.7730, Val Acc: 0.7738
    Epoch: 300, Total Loss: 0.0076, Train Acc: 0.7583, Val Acc: 0.7377
    Epoch: 310, Total Loss: 0.0077, Train Acc: 0.7776, Val Acc: 0.7648
    Epoch: 320, Total Loss: 0.0076, Train Acc: 0.7711, Val Acc: 0.7639
    Epoch: 330, Total Loss: 0.0076, Train Acc: 0.7671, Val Acc: 0.7426
    Epoch: 340, Total Loss: 0.0076, Train Acc: 0.7677, Val Acc: 0.7598
    Epoch: 350, Total Loss: 0.0076, Train Acc: 0.7641, Val Acc: 0.7451
    Epoch: 360, Total Loss: 0.0077, Train Acc: 0.7751, Val Acc: 0.7582
    Epoch: 370, Total Loss: 0.0076, Train Acc: 0.7789, Val Acc: 0.7631
    Epoch: 380, Total Loss: 0.0076, Train Acc: 0.7425, Val Acc: 0.7320
    Epoch: 390, Total Loss: 0.0077, Train Acc: 0.7540, Val Acc: 0.7328
    Epoch: 400, Total Loss: 0.0076, Train Acc: 0.7795, Val Acc: 0.7730
    Epoch: 410, Total Loss: 0.0076, Train Acc: 0.7800, Val Acc: 0.7762
    Epoch: 420, Total Loss: 0.0075, Train Acc: 0.7639, Val Acc: 0.7582
    Epoch: 430, Total Loss: 0.0075, Train Acc: 0.7730, Val Acc: 0.7541
    Epoch: 440, Total Loss: 0.0076, Train Acc: 0.7656, Val Acc: 0.7467
    Epoch: 450, Total Loss: 0.0076, Train Acc: 0.7759, Val Acc: 0.7697
    Epoch: 460, Total Loss: 0.0076, Train Acc: 0.7501, Val Acc: 0.7311
    Epoch: 470, Total Loss: 0.0075, Train Acc: 0.7789, Val Acc: 0.7656
    Epoch: 480, Total Loss: 0.0076, Train Acc: 0.7456, Val Acc: 0.7131
    Epoch: 490, Total Loss: 0.0076, Train Acc: 0.7708, Val Acc: 0.7574
    Epoch: 500, Total Loss: 0.0075, Train Acc: 0.7777, Val Acc: 0.7631

    ====================
    Min loss: 0.0075 at epoch 459
    Max train acc: 0.7828 at epoch 456
    Max validation acc: 0.7828 at epoch 372
    Best metrics of last model:
    Test accuracy: 0.7791
                  precision    recall  f1-score   support

        Rush       0.78      0.78      0.78       611
        Pass       0.78      0.78      0.78       611

    accuracy                           0.78      1222
   macro avg       0.78      0.78      0.78      1222
weighted avg       0.78      0.78      0.78      1222

    Best metrics of best model:
    Test accuracy: 0.7791
                  precision    recall  f1-score   support

        Rush       0.78      0.78      0.78       611
        Pass       0.78      0.78      0.78       611

    accuracy                           0.78      1222
   macro avg       0.78      0.78      0.78      1222
weighted avg       0.78      0.78      0.78      1222

    ====================

    🎯 Random Forest Accuracy: 0.7406
                  precision    recall  f1-score   support

        Rush       0.72      0.78      0.75       611
        Pass       0.76      0.70      0.73       611

    accuracy                           0.74      1222
   macro avg       0.74      0.74      0.74      1222
weighted avg       0.74      0.74      0.74      1222

    🤖 MLP Accuracy: 0.7185
                  precision    recall  f1-score   support

        Rush       0.72      0.72      0.72       611
        Pass       0.72      0.72      0.72       611

    accuracy                           0.72      1222
   macro avg       0.72      0.72      0.72      1222
weighted avg       0.72      0.72      0.72      1222

    New best accuracy: 0.779050736497545 with config: {'hidden_layers': 2, 'hidden_channels': 64, 'learning_rate': 0.001, 'weight_decay': 0.0005, 'dropout': 0.2, 'random_seed': 1}
  Iteration 2/20
    CONFIG values:
      RANDOM_SEED: 2
      GNN_EPOCHS: 500
      GNN_HIDDEN_CHANNELS: 64
      GNN_HIDDEN_LAYERS: 2
      GNN_LEARNING_RATE: 0.001
      GNN_DROPOUT: 0.2
      GNN_WEIGHT_DECAY: 0.0005
      RF_ESTIMATORS: 50
      MLP_HIDDEN_CHANNELS: 32
      MLP_HIDDEN_LAYERS: 2
      MLP_MAX_ITER: 3000
      MLP_LEARNING_RATE: 0.01
      MLP_ALPHA: 5e-05
      VALIDATION_SPLIT: 0.8
      TEST_SPLIT: 0.9
      SHOW_INFO: True
    Running model...
 Converting graphs to PyTorch Geometric format...

    ====================
    Number of graphs: 12206
    Number of train graphs: 9764
    Number of validation graphs: 1220
    Number of test graphs: 1222
    Percentage of passes in train set: 50.00%
    Percentage of rushes in train set: 50.00%
    Percentage of passes in validation set: 50.00%
    Percentage of rushes in validation set: 50.00%
    Percentage of passes in test set: 50.00%
    Percentage of rushes in test set: 50.00%

Data(x=[22, 23], edge_index=[2, 49], edge_attr=[49, 1], y=[1])
    =============================================================
    Number of nodes: 22
    Number of node features: 23
    Number of edges: 49
    Average node degree: 2.23
    Has isolated nodes: False
    Has self-loops: False
    Is undirected: False
 Converting graphs to PyTorch Geometric format...
 Converting graphs to PyTorch Geometric format...
 Converting graphs to PyTorch Geometric format...
 Converting graphs to PyTorch Geometric format...
    GCN(
  (conv1): GCNConv(23, 64)
  (conv2): GCNConv(64, 64)
  (conv3): GCNConv(64, 64)
  (lin): Linear(in_features=64, out_features=2, bias=True)
)

    Epoch: 010, Total Loss: 0.0099, Train Acc: 0.6899, Val Acc: 0.6959
    Epoch: 020, Total Loss: 0.0093, Train Acc: 0.6939, Val Acc: 0.6926
    Epoch: 030, Total Loss: 0.0089, Train Acc: 0.7232, Val Acc: 0.6984
    Epoch: 040, Total Loss: 0.0086, Train Acc: 0.7381, Val Acc: 0.7311
    Epoch: 050, Total Loss: 0.0085, Train Acc: 0.7291, Val Acc: 0.7205
    Epoch: 060, Total Loss: 0.0085, Train Acc: 0.7208, Val Acc: 0.7180
    Epoch: 070, Total Loss: 0.0083, Train Acc: 0.7495, Val Acc: 0.7352
    Epoch: 080, Total Loss: 0.0082, Train Acc: 0.7379, Val Acc: 0.7303
    Epoch: 090, Total Loss: 0.0083, Train Acc: 0.7418, Val Acc: 0.7295
    Epoch: 100, Total Loss: 0.0081, Train Acc: 0.7556, Val Acc: 0.7459
    Epoch: 110, Total Loss: 0.0081, Train Acc: 0.7146, Val Acc: 0.7139
    Epoch: 120, Total Loss: 0.0083, Train Acc: 0.7530, Val Acc: 0.7484
    Epoch: 130, Total Loss: 0.0082, Train Acc: 0.7101, Val Acc: 0.7213
    Epoch: 140, Total Loss: 0.0082, Train Acc: 0.7244, Val Acc: 0.7328
    Epoch: 150, Total Loss: 0.0081, Train Acc: 0.7543, Val Acc: 0.7393
    Epoch: 160, Total Loss: 0.0080, Train Acc: 0.7607, Val Acc: 0.7541
    Epoch: 170, Total Loss: 0.0080, Train Acc: 0.7172, Val Acc: 0.7246
    Epoch: 180, Total Loss: 0.0080, Train Acc: 0.7617, Val Acc: 0.7549
    Epoch: 190, Total Loss: 0.0080, Train Acc: 0.7597, Val Acc: 0.7500
    Epoch: 200, Total Loss: 0.0079, Train Acc: 0.7403, Val Acc: 0.7434
    Epoch: 210, Total Loss: 0.0080, Train Acc: 0.7537, Val Acc: 0.7434
    Epoch: 220, Total Loss: 0.0079, Train Acc: 0.7622, Val Acc: 0.7500
    Epoch: 230, Total Loss: 0.0078, Train Acc: 0.7625, Val Acc: 0.7590
    Epoch: 240, Total Loss: 0.0078, Train Acc: 0.7655, Val Acc: 0.7582
    Epoch: 250, Total Loss: 0.0079, Train Acc: 0.7514, Val Acc: 0.7393
    Epoch: 260, Total Loss: 0.0079, Train Acc: 0.7641, Val Acc: 0.7525
    Epoch: 270, Total Loss: 0.0078, Train Acc: 0.7607, Val Acc: 0.7590
    Epoch: 280, Total Loss: 0.0079, Train Acc: 0.7545, Val Acc: 0.7574
    Epoch: 290, Total Loss: 0.0078, Train Acc: 0.7698, Val Acc: 0.7607
    Epoch: 300, Total Loss: 0.0078, Train Acc: 0.7700, Val Acc: 0.7598
    Epoch: 310, Total Loss: 0.0078, Train Acc: 0.7697, Val Acc: 0.7557
    Epoch: 320, Total Loss: 0.0078, Train Acc: 0.7639, Val Acc: 0.7672
    Epoch: 330, Total Loss: 0.0078, Train Acc: 0.7695, Val Acc: 0.7639
    Epoch: 340, Total Loss: 0.0078, Train Acc: 0.7667, Val Acc: 0.7574
    Epoch: 350, Total Loss: 0.0078, Train Acc: 0.7668, Val Acc: 0.7508
    Epoch: 360, Total Loss: 0.0077, Train Acc: 0.7689, Val Acc: 0.7541
    Epoch: 370, Total Loss: 0.0077, Train Acc: 0.7705, Val Acc: 0.7533
    Epoch: 380, Total Loss: 0.0077, Train Acc: 0.7587, Val Acc: 0.7623
    Epoch: 390, Total Loss: 0.0077, Train Acc: 0.7605, Val Acc: 0.7361
    Epoch: 400, Total Loss: 0.0076, Train Acc: 0.7587, Val Acc: 0.7500
    Epoch: 410, Total Loss: 0.0078, Train Acc: 0.7750, Val Acc: 0.7566
    Epoch: 420, Total Loss: 0.0077, Train Acc: 0.7742, Val Acc: 0.7598
    Epoch: 430, Total Loss: 0.0077, Train Acc: 0.7605, Val Acc: 0.7557
    Epoch: 440, Total Loss: 0.0076, Train Acc: 0.7577, Val Acc: 0.7574
    Epoch: 450, Total Loss: 0.0076, Train Acc: 0.7717, Val Acc: 0.7451
    Epoch: 460, Total Loss: 0.0076, Train Acc: 0.7643, Val Acc: 0.7582
    Epoch: 470, Total Loss: 0.0077, Train Acc: 0.7566, Val Acc: 0.7574
    Epoch: 480, Total Loss: 0.0077, Train Acc: 0.7765, Val Acc: 0.7533
    Epoch: 490, Total Loss: 0.0077, Train Acc: 0.7520, Val Acc: 0.7434
    Epoch: 500, Total Loss: 0.0077, Train Acc: 0.7725, Val Acc: 0.7516

    ====================
    Min loss: 0.0076 at epoch 474
    Max train acc: 0.7781 at epoch 437
    Max validation acc: 0.7705 at epoch 459
    Best metrics of last model:
    Test accuracy: 0.7692
                  precision    recall  f1-score   support

        Rush       0.75      0.80      0.78       611
        Pass       0.79      0.74      0.76       611

    accuracy                           0.77      1222
   macro avg       0.77      0.77      0.77      1222
weighted avg       0.77      0.77      0.77      1222

    Best metrics of best model:
    Test accuracy: 0.7692
                  precision    recall  f1-score   support

        Rush       0.75      0.80      0.78       611
        Pass       0.79      0.74      0.76       611

    accuracy                           0.77      1222
   macro avg       0.77      0.77      0.77      1222
weighted avg       0.77      0.77      0.77      1222

    ====================

    🎯 Random Forest Accuracy: 0.7373
                  precision    recall  f1-score   support

        Rush       0.71      0.79      0.75       611
        Pass       0.77      0.68      0.72       611

    accuracy                           0.74      1222
   macro avg       0.74      0.74      0.74      1222
weighted avg       0.74      0.74      0.74      1222

    🤖 MLP Accuracy: 0.6759
                  precision    recall  f1-score   support

        Rush       0.69      0.64      0.66       611
        Pass       0.66      0.72      0.69       611

    accuracy                           0.68      1222
   macro avg       0.68      0.68      0.68      1222
weighted avg       0.68      0.68      0.68      1222

  Iteration 3/20
    CONFIG values:
      RANDOM_SEED: 3
      GNN_EPOCHS: 500
      GNN_HIDDEN_CHANNELS: 64
      GNN_HIDDEN_LAYERS: 2
      GNN_LEARNING_RATE: 0.001
      GNN_DROPOUT: 0.2
      GNN_WEIGHT_DECAY: 0.0005
      RF_ESTIMATORS: 150
      MLP_HIDDEN_CHANNELS: 128
      MLP_HIDDEN_LAYERS: 1
      MLP_MAX_ITER: 3000
      MLP_LEARNING_RATE: 0.001
      MLP_ALPHA: 5e-05
      VALIDATION_SPLIT: 0.8
      TEST_SPLIT: 0.9
      SHOW_INFO: True
    Running model...
 Converting graphs to PyTorch Geometric format...

    ====================
    Number of graphs: 12206
    Number of train graphs: 9764
    Number of validation graphs: 1220
    Number of test graphs: 1222
    Percentage of passes in train set: 50.00%
    Percentage of rushes in train set: 50.00%
    Percentage of passes in validation set: 50.00%
    Percentage of rushes in validation set: 50.00%
    Percentage of passes in test set: 50.00%
    Percentage of rushes in test set: 50.00%

Data(x=[22, 23], edge_index=[2, 52], edge_attr=[52, 1], y=[1])
    =============================================================
    Number of nodes: 22
    Number of node features: 23
    Number of edges: 52
    Average node degree: 2.36
    Has isolated nodes: False
    Has self-loops: False
    Is undirected: False
 Converting graphs to PyTorch Geometric format...
 Converting graphs to PyTorch Geometric format...
 Converting graphs to PyTorch Geometric format...
 Converting graphs to PyTorch Geometric format...
    GCN(
  (conv1): GCNConv(23, 64)
  (conv2): GCNConv(64, 64)
  (conv3): GCNConv(64, 64)
  (lin): Linear(in_features=64, out_features=2, bias=True)
)

    Epoch: 010, Total Loss: 0.0098, Train Acc: 0.6691, Val Acc: 0.6803
    Epoch: 020, Total Loss: 0.0093, Train Acc: 0.6916, Val Acc: 0.6934
    Epoch: 030, Total Loss: 0.0092, Train Acc: 0.7200, Val Acc: 0.7115
    Epoch: 040, Total Loss: 0.0087, Train Acc: 0.6859, Val Acc: 0.7033
    Epoch: 050, Total Loss: 0.0088, Train Acc: 0.7419, Val Acc: 0.7426
    Epoch: 060, Total Loss: 0.0085, Train Acc: 0.7305, Val Acc: 0.7221
    Epoch: 070, Total Loss: 0.0084, Train Acc: 0.7457, Val Acc: 0.7492
    Epoch: 080, Total Loss: 0.0084, Train Acc: 0.7474, Val Acc: 0.7426
    Epoch: 090, Total Loss: 0.0084, Train Acc: 0.7306, Val Acc: 0.7410
    Epoch: 100, Total Loss: 0.0082, Train Acc: 0.7518, Val Acc: 0.7541
    Epoch: 110, Total Loss: 0.0082, Train Acc: 0.7317, Val Acc: 0.7311
    Epoch: 120, Total Loss: 0.0082, Train Acc: 0.7376, Val Acc: 0.7393
    Epoch: 130, Total Loss: 0.0082, Train Acc: 0.7167, Val Acc: 0.7303
    Epoch: 140, Total Loss: 0.0082, Train Acc: 0.7501, Val Acc: 0.7508
    Epoch: 150, Total Loss: 0.0081, Train Acc: 0.7551, Val Acc: 0.7451
    Epoch: 160, Total Loss: 0.0080, Train Acc: 0.7557, Val Acc: 0.7557
    Epoch: 170, Total Loss: 0.0080, Train Acc: 0.7580, Val Acc: 0.7508
    Epoch: 180, Total Loss: 0.0080, Train Acc: 0.7537, Val Acc: 0.7459
    Epoch: 190, Total Loss: 0.0080, Train Acc: 0.7631, Val Acc: 0.7574
    Epoch: 200, Total Loss: 0.0080, Train Acc: 0.7616, Val Acc: 0.7639
    Epoch: 210, Total Loss: 0.0079, Train Acc: 0.7562, Val Acc: 0.7713
    Epoch: 220, Total Loss: 0.0079, Train Acc: 0.7540, Val Acc: 0.7541
    Epoch: 230, Total Loss: 0.0078, Train Acc: 0.7588, Val Acc: 0.7557
    Epoch: 240, Total Loss: 0.0078, Train Acc: 0.7593, Val Acc: 0.7607
    Epoch: 250, Total Loss: 0.0079, Train Acc: 0.7515, Val Acc: 0.7336
    Epoch: 260, Total Loss: 0.0078, Train Acc: 0.7534, Val Acc: 0.7426
    Epoch: 270, Total Loss: 0.0078, Train Acc: 0.7689, Val Acc: 0.7648
    Epoch: 280, Total Loss: 0.0077, Train Acc: 0.7538, Val Acc: 0.7443
    Epoch: 290, Total Loss: 0.0077, Train Acc: 0.7656, Val Acc: 0.7648
    Epoch: 300, Total Loss: 0.0079, Train Acc: 0.7559, Val Acc: 0.7615
    Epoch: 310, Total Loss: 0.0078, Train Acc: 0.7725, Val Acc: 0.7672
    Epoch: 320, Total Loss: 0.0078, Train Acc: 0.7631, Val Acc: 0.7631
    Epoch: 330, Total Loss: 0.0077, Train Acc: 0.7581, Val Acc: 0.7566
    Epoch: 340, Total Loss: 0.0076, Train Acc: 0.7628, Val Acc: 0.7508
    Epoch: 350, Total Loss: 0.0078, Train Acc: 0.7651, Val Acc: 0.7533
    Epoch: 360, Total Loss: 0.0076, Train Acc: 0.7719, Val Acc: 0.7648
    Epoch: 370, Total Loss: 0.0078, Train Acc: 0.7520, Val Acc: 0.7311
    Epoch: 380, Total Loss: 0.0078, Train Acc: 0.7695, Val Acc: 0.7598
    Epoch: 390, Total Loss: 0.0077, Train Acc: 0.7734, Val Acc: 0.7713
    Epoch: 400, Total Loss: 0.0077, Train Acc: 0.7726, Val Acc: 0.7713
    Epoch: 410, Total Loss: 0.0077, Train Acc: 0.7754, Val Acc: 0.7590
    Epoch: 420, Total Loss: 0.0077, Train Acc: 0.7251, Val Acc: 0.7164
    Epoch: 430, Total Loss: 0.0076, Train Acc: 0.7628, Val Acc: 0.7549
    Epoch: 440, Total Loss: 0.0076, Train Acc: 0.7608, Val Acc: 0.7541
    Epoch: 450, Total Loss: 0.0076, Train Acc: 0.7706, Val Acc: 0.7746
    Epoch: 460, Total Loss: 0.0077, Train Acc: 0.7651, Val Acc: 0.7516
    Epoch: 470, Total Loss: 0.0077, Train Acc: 0.7637, Val Acc: 0.7516
    Epoch: 480, Total Loss: 0.0077, Train Acc: 0.7704, Val Acc: 0.7713
    Epoch: 490, Total Loss: 0.0076, Train Acc: 0.7722, Val Acc: 0.7697
    Epoch: 500, Total Loss: 0.0077, Train Acc: 0.7734, Val Acc: 0.7574

    ====================
    Min loss: 0.0075 at epoch 493
    Max train acc: 0.7773 at epoch 468
    Max validation acc: 0.7795 at epoch 354
    Best metrics of last model:
    Test accuracy: 0.7791
                  precision    recall  f1-score   support

        Rush       0.76      0.82      0.79       611
        Pass       0.80      0.74      0.77       611

    accuracy                           0.78      1222
   macro avg       0.78      0.78      0.78      1222
weighted avg       0.78      0.78      0.78      1222

    Best metrics of best model:
    Test accuracy: 0.7791
                  precision    recall  f1-score   support

        Rush       0.76      0.82      0.79       611
        Pass       0.80      0.74      0.77       611

    accuracy                           0.78      1222
   macro avg       0.78      0.78      0.78      1222
weighted avg       0.78      0.78      0.78      1222

    ====================

    🎯 Random Forest Accuracy: 0.7357
                  precision    recall  f1-score   support

        Rush       0.71      0.79      0.75       611
        Pass       0.76      0.68      0.72       611

    accuracy                           0.74      1222
   macro avg       0.74      0.74      0.73      1222
weighted avg       0.74      0.74      0.73      1222

    🤖 MLP Accuracy: 0.6874
                  precision    recall  f1-score   support

        Rush       0.69      0.68      0.69       611
        Pass       0.69      0.69      0.69       611

    accuracy                           0.69      1222
   macro avg       0.69      0.69      0.69      1222
weighted avg       0.69      0.69      0.69      1222

  Iteration 4/20
    CONFIG values:
      RANDOM_SEED: 4
      GNN_EPOCHS: 500
      GNN_HIDDEN_CHANNELS: 64
      GNN_HIDDEN_LAYERS: 2
      GNN_LEARNING_RATE: 0.001
      GNN_DROPOUT: 0.2
      GNN_WEIGHT_DECAY: 0.0005
      RF_ESTIMATORS: 100
      MLP_HIDDEN_CHANNELS: 32
      MLP_HIDDEN_LAYERS: 3
      MLP_MAX_ITER: 3000
      MLP_LEARNING_RATE: 0.001
      MLP_ALPHA: 0.0005
      VALIDATION_SPLIT: 0.8
      TEST_SPLIT: 0.9
      SHOW_INFO: True
    Running model...
 Converting graphs to PyTorch Geometric format...

    ====================
    Number of graphs: 12206
    Number of train graphs: 9764
    Number of validation graphs: 1220
    Number of test graphs: 1222
    Percentage of passes in train set: 50.00%
    Percentage of rushes in train set: 50.00%
    Percentage of passes in validation set: 50.00%
    Percentage of rushes in validation set: 50.00%
    Percentage of passes in test set: 50.00%
    Percentage of rushes in test set: 50.00%

Data(x=[22, 23], edge_index=[2, 53], edge_attr=[53, 1], y=[1])
    =============================================================
    Number of nodes: 22
    Number of node features: 23
    Number of edges: 53
    Average node degree: 2.41
    Has isolated nodes: False
    Has self-loops: False
    Is undirected: False
 Converting graphs to PyTorch Geometric format...
 Converting graphs to PyTorch Geometric format...
 Converting graphs to PyTorch Geometric format...
 Converting graphs to PyTorch Geometric format...
    GCN(
  (conv1): GCNConv(23, 64)
  (conv2): GCNConv(64, 64)
  (conv3): GCNConv(64, 64)
  (lin): Linear(in_features=64, out_features=2, bias=True)
)

    Epoch: 010, Total Loss: 0.0098, Train Acc: 0.6761, Val Acc: 0.6787
    Epoch: 020, Total Loss: 0.0090, Train Acc: 0.7219, Val Acc: 0.7221
    Epoch: 030, Total Loss: 0.0087, Train Acc: 0.7284, Val Acc: 0.7221
    Epoch: 040, Total Loss: 0.0086, Train Acc: 0.7163, Val Acc: 0.7311
    Epoch: 050, Total Loss: 0.0086, Train Acc: 0.7305, Val Acc: 0.7148
    Epoch: 060, Total Loss: 0.0084, Train Acc: 0.7448, Val Acc: 0.7377
    Epoch: 070, Total Loss: 0.0083, Train Acc: 0.7324, Val Acc: 0.7352
    Epoch: 080, Total Loss: 0.0083, Train Acc: 0.7410, Val Acc: 0.7402
    Epoch: 090, Total Loss: 0.0081, Train Acc: 0.7470, Val Acc: 0.7566
    Epoch: 100, Total Loss: 0.0082, Train Acc: 0.7233, Val Acc: 0.7221
    Epoch: 110, Total Loss: 0.0080, Train Acc: 0.7539, Val Acc: 0.7443
    Epoch: 120, Total Loss: 0.0080, Train Acc: 0.7544, Val Acc: 0.7385
    Epoch: 130, Total Loss: 0.0082, Train Acc: 0.7622, Val Acc: 0.7516
    Epoch: 140, Total Loss: 0.0080, Train Acc: 0.7577, Val Acc: 0.7467
    Epoch: 150, Total Loss: 0.0079, Train Acc: 0.7532, Val Acc: 0.7344
    Epoch: 160, Total Loss: 0.0079, Train Acc: 0.7577, Val Acc: 0.7369
    Epoch: 170, Total Loss: 0.0079, Train Acc: 0.7605, Val Acc: 0.7557
    Epoch: 180, Total Loss: 0.0080, Train Acc: 0.7634, Val Acc: 0.7615
    Epoch: 190, Total Loss: 0.0078, Train Acc: 0.7645, Val Acc: 0.7689
    Epoch: 200, Total Loss: 0.0077, Train Acc: 0.7677, Val Acc: 0.7631
    Epoch: 210, Total Loss: 0.0078, Train Acc: 0.7481, Val Acc: 0.7410
    Epoch: 220, Total Loss: 0.0078, Train Acc: 0.7633, Val Acc: 0.7557
    Epoch: 230, Total Loss: 0.0077, Train Acc: 0.7745, Val Acc: 0.7541
    Epoch: 240, Total Loss: 0.0078, Train Acc: 0.7734, Val Acc: 0.7541
    Epoch: 250, Total Loss: 0.0077, Train Acc: 0.7396, Val Acc: 0.7385
    Epoch: 260, Total Loss: 0.0077, Train Acc: 0.7556, Val Acc: 0.7393
    Epoch: 270, Total Loss: 0.0078, Train Acc: 0.7715, Val Acc: 0.7574
    Epoch: 280, Total Loss: 0.0077, Train Acc: 0.7732, Val Acc: 0.7697
    Epoch: 290, Total Loss: 0.0077, Train Acc: 0.7744, Val Acc: 0.7574
    Epoch: 300, Total Loss: 0.0077, Train Acc: 0.7704, Val Acc: 0.7574
    Epoch: 310, Total Loss: 0.0077, Train Acc: 0.7694, Val Acc: 0.7738
    Epoch: 320, Total Loss: 0.0076, Train Acc: 0.7674, Val Acc: 0.7590
    Epoch: 330, Total Loss: 0.0077, Train Acc: 0.7739, Val Acc: 0.7639
    Epoch: 340, Total Loss: 0.0076, Train Acc: 0.7714, Val Acc: 0.7525
    Epoch: 350, Total Loss: 0.0076, Train Acc: 0.7751, Val Acc: 0.7631
    Epoch: 360, Total Loss: 0.0078, Train Acc: 0.7771, Val Acc: 0.7738
    Epoch: 370, Total Loss: 0.0077, Train Acc: 0.7641, Val Acc: 0.7598
    Epoch: 380, Total Loss: 0.0076, Train Acc: 0.7707, Val Acc: 0.7680
    Epoch: 390, Total Loss: 0.0076, Train Acc: 0.7739, Val Acc: 0.7631
    Epoch: 400, Total Loss: 0.0076, Train Acc: 0.7726, Val Acc: 0.7615
    Epoch: 410, Total Loss: 0.0076, Train Acc: 0.7750, Val Acc: 0.7549
    Epoch: 420, Total Loss: 0.0077, Train Acc: 0.7763, Val Acc: 0.7721
    Epoch: 430, Total Loss: 0.0076, Train Acc: 0.7796, Val Acc: 0.7615
    Epoch: 440, Total Loss: 0.0076, Train Acc: 0.7827, Val Acc: 0.7795
    Epoch: 450, Total Loss: 0.0076, Train Acc: 0.7673, Val Acc: 0.7508
    Epoch: 460, Total Loss: 0.0077, Train Acc: 0.7692, Val Acc: 0.7648
    Epoch: 470, Total Loss: 0.0076, Train Acc: 0.7634, Val Acc: 0.7426
    Epoch: 480, Total Loss: 0.0076, Train Acc: 0.7776, Val Acc: 0.7672
    Epoch: 490, Total Loss: 0.0076, Train Acc: 0.7535, Val Acc: 0.7533
    Epoch: 500, Total Loss: 0.0076, Train Acc: 0.7742, Val Acc: 0.7574

    ====================
    Min loss: 0.0075 at epoch 429
    Max train acc: 0.7827 at epoch 440
    Max validation acc: 0.7861 at epoch 229
    Best metrics of last model:
    Test accuracy: 0.7725
                  precision    recall  f1-score   support

        Rush       0.79      0.75      0.77       611
        Pass       0.76      0.80      0.78       611

    accuracy                           0.77      1222
   macro avg       0.77      0.77      0.77      1222
weighted avg       0.77      0.77      0.77      1222

    Best metrics of best model:
    Test accuracy: 0.7725
                  precision    recall  f1-score   support

        Rush       0.79      0.75      0.77       611
        Pass       0.76      0.80      0.78       611

    accuracy                           0.77      1222
   macro avg       0.77      0.77      0.77      1222
weighted avg       0.77      0.77      0.77      1222

    ====================

    🎯 Random Forest Accuracy: 0.7373
                  precision    recall  f1-score   support

        Rush       0.71      0.79      0.75       611
        Pass       0.77      0.68      0.72       611

    accuracy                           0.74      1222
   macro avg       0.74      0.74      0.74      1222
weighted avg       0.74      0.74      0.74      1222

    🤖 MLP Accuracy: 0.6817
                  precision    recall  f1-score   support

        Rush       0.68      0.68      0.68       611
        Pass       0.68      0.69      0.68       611

    accuracy                           0.68      1222
   macro avg       0.68      0.68      0.68      1222
weighted avg       0.68      0.68      0.68      1222

  Iteration 5/20
    CONFIG values:
      RANDOM_SEED: 5
      GNN_EPOCHS: 500
      GNN_HIDDEN_CHANNELS: 64
      GNN_HIDDEN_LAYERS: 2
      GNN_LEARNING_RATE: 0.001
      GNN_DROPOUT: 0.2
      GNN_WEIGHT_DECAY: 0.0005
      RF_ESTIMATORS: 150
      MLP_HIDDEN_CHANNELS: 64
      MLP_HIDDEN_LAYERS: 3
      MLP_MAX_ITER: 3000
      MLP_LEARNING_RATE: 0.0001
      MLP_ALPHA: 5e-05
      VALIDATION_SPLIT: 0.8
      TEST_SPLIT: 0.9
      SHOW_INFO: True
    Running model...
 Converting graphs to PyTorch Geometric format...

    ====================
    Number of graphs: 12206
    Number of train graphs: 9764
    Number of validation graphs: 1220
    Number of test graphs: 1222
    Percentage of passes in train set: 50.00%
    Percentage of rushes in train set: 50.00%
    Percentage of passes in validation set: 50.00%
    Percentage of rushes in validation set: 50.00%
    Percentage of passes in test set: 50.00%
    Percentage of rushes in test set: 50.00%

Data(x=[22, 23], edge_index=[2, 53], edge_attr=[53, 1], y=[1])
    =============================================================
    Number of nodes: 22
    Number of node features: 23
    Number of edges: 53
    Average node degree: 2.41
    Has isolated nodes: False
    Has self-loops: False
    Is undirected: False
 Converting graphs to PyTorch Geometric format...
 Converting graphs to PyTorch Geometric format...
 Converting graphs to PyTorch Geometric format...
 Converting graphs to PyTorch Geometric format...
    GCN(
  (conv1): GCNConv(23, 64)
  (conv2): GCNConv(64, 64)
  (conv3): GCNConv(64, 64)
  (lin): Linear(in_features=64, out_features=2, bias=True)
)

    Epoch: 010, Total Loss: 0.0099, Train Acc: 0.6738, Val Acc: 0.6967
    Epoch: 020, Total Loss: 0.0091, Train Acc: 0.7163, Val Acc: 0.7131
    Epoch: 030, Total Loss: 0.0090, Train Acc: 0.6943, Val Acc: 0.6910
    Epoch: 040, Total Loss: 0.0087, Train Acc: 0.7217, Val Acc: 0.7221
    Epoch: 050, Total Loss: 0.0086, Train Acc: 0.7230, Val Acc: 0.7057
    Epoch: 060, Total Loss: 0.0085, Train Acc: 0.6693, Val Acc: 0.6541
    Epoch: 070, Total Loss: 0.0084, Train Acc: 0.7219, Val Acc: 0.7418
    Epoch: 080, Total Loss: 0.0084, Train Acc: 0.7416, Val Acc: 0.7500
    Epoch: 090, Total Loss: 0.0082, Train Acc: 0.7542, Val Acc: 0.7451
    Epoch: 100, Total Loss: 0.0082, Train Acc: 0.7565, Val Acc: 0.7451
    Epoch: 110, Total Loss: 0.0082, Train Acc: 0.7279, Val Acc: 0.7270
    Epoch: 120, Total Loss: 0.0080, Train Acc: 0.7580, Val Acc: 0.7484
    Epoch: 130, Total Loss: 0.0081, Train Acc: 0.7535, Val Acc: 0.7393
    Epoch: 140, Total Loss: 0.0080, Train Acc: 0.7590, Val Acc: 0.7590
    Epoch: 150, Total Loss: 0.0079, Train Acc: 0.7503, Val Acc: 0.7410
    Epoch: 160, Total Loss: 0.0080, Train Acc: 0.7628, Val Acc: 0.7607
    Epoch: 170, Total Loss: 0.0079, Train Acc: 0.7680, Val Acc: 0.7582
    Epoch: 180, Total Loss: 0.0080, Train Acc: 0.7677, Val Acc: 0.7680
    Epoch: 190, Total Loss: 0.0079, Train Acc: 0.7428, Val Acc: 0.7459
    Epoch: 200, Total Loss: 0.0078, Train Acc: 0.7694, Val Acc: 0.7598
    Epoch: 210, Total Loss: 0.0077, Train Acc: 0.7717, Val Acc: 0.7549
    Epoch: 220, Total Loss: 0.0077, Train Acc: 0.7511, Val Acc: 0.7607
    Epoch: 230, Total Loss: 0.0077, Train Acc: 0.7609, Val Acc: 0.7541
    Epoch: 240, Total Loss: 0.0077, Train Acc: 0.7677, Val Acc: 0.7623
    Epoch: 250, Total Loss: 0.0077, Train Acc: 0.7688, Val Acc: 0.7484
    Epoch: 260, Total Loss: 0.0078, Train Acc: 0.7644, Val Acc: 0.7566
    Epoch: 270, Total Loss: 0.0078, Train Acc: 0.7715, Val Acc: 0.7607
    Epoch: 280, Total Loss: 0.0077, Train Acc: 0.7655, Val Acc: 0.7525
    Epoch: 290, Total Loss: 0.0077, Train Acc: 0.7761, Val Acc: 0.7598
    Epoch: 300, Total Loss: 0.0077, Train Acc: 0.7530, Val Acc: 0.7516
    Epoch: 310, Total Loss: 0.0076, Train Acc: 0.7701, Val Acc: 0.7648
    Epoch: 320, Total Loss: 0.0076, Train Acc: 0.7697, Val Acc: 0.7648
    Epoch: 330, Total Loss: 0.0076, Train Acc: 0.7777, Val Acc: 0.7680
    Epoch: 340, Total Loss: 0.0076, Train Acc: 0.7702, Val Acc: 0.7582
    Epoch: 350, Total Loss: 0.0076, Train Acc: 0.7526, Val Acc: 0.7508
    Epoch: 360, Total Loss: 0.0076, Train Acc: 0.7708, Val Acc: 0.7738
    Epoch: 370, Total Loss: 0.0075, Train Acc: 0.7753, Val Acc: 0.7770
    Epoch: 380, Total Loss: 0.0075, Train Acc: 0.7409, Val Acc: 0.7336
    Epoch: 390, Total Loss: 0.0076, Train Acc: 0.7698, Val Acc: 0.7639
    Epoch: 400, Total Loss: 0.0075, Train Acc: 0.7738, Val Acc: 0.7697
    Epoch: 410, Total Loss: 0.0075, Train Acc: 0.7719, Val Acc: 0.7730
    Epoch: 420, Total Loss: 0.0075, Train Acc: 0.7402, Val Acc: 0.7320
    Epoch: 430, Total Loss: 0.0075, Train Acc: 0.7726, Val Acc: 0.7639
    Epoch: 440, Total Loss: 0.0075, Train Acc: 0.7784, Val Acc: 0.7738
    Epoch: 450, Total Loss: 0.0076, Train Acc: 0.7715, Val Acc: 0.7639
    Epoch: 460, Total Loss: 0.0076, Train Acc: 0.7779, Val Acc: 0.7680
    Epoch: 470, Total Loss: 0.0074, Train Acc: 0.7425, Val Acc: 0.7279
    Epoch: 480, Total Loss: 0.0075, Train Acc: 0.7783, Val Acc: 0.7721
    Epoch: 490, Total Loss: 0.0075, Train Acc: 0.7763, Val Acc: 0.7721
    Epoch: 500, Total Loss: 0.0075, Train Acc: 0.7786, Val Acc: 0.7680

    ====================
    Min loss: 0.0074 at epoch 470
    Max train acc: 0.7821 at epoch 473
    Max validation acc: 0.7820 at epoch 416
    Best metrics of last model:
    Test accuracy: 0.7766
                  precision    recall  f1-score   support

        Rush       0.75      0.82      0.79       611
        Pass       0.81      0.73      0.77       611

    accuracy                           0.78      1222
   macro avg       0.78      0.78      0.78      1222
weighted avg       0.78      0.78      0.78      1222

    Best metrics of best model:
    Test accuracy: 0.7766
                  precision    recall  f1-score   support

        Rush       0.75      0.82      0.79       611
        Pass       0.81      0.73      0.77       611

    accuracy                           0.78      1222
   macro avg       0.78      0.78      0.78      1222
weighted avg       0.78      0.78      0.78      1222

    ====================

    🎯 Random Forest Accuracy: 0.7316
                  precision    recall  f1-score   support

        Rush       0.71      0.77      0.74       611
        Pass       0.75      0.69      0.72       611

    accuracy                           0.73      1222
   macro avg       0.73      0.73      0.73      1222
weighted avg       0.73      0.73      0.73      1222

    🤖 MLP Accuracy: 0.6784
                  precision    recall  f1-score   support

        Rush       0.68      0.68      0.68       611
        Pass       0.68      0.67      0.68       611

    accuracy                           0.68      1222
   macro avg       0.68      0.68      0.68      1222
weighted avg       0.68      0.68      0.68      1222

  Iteration 6/20
    CONFIG values:
      RANDOM_SEED: 6
      GNN_EPOCHS: 500
      GNN_HIDDEN_CHANNELS: 64
      GNN_HIDDEN_LAYERS: 2
      GNN_LEARNING_RATE: 0.001
      GNN_DROPOUT: 0.2
      GNN_WEIGHT_DECAY: 0.0005
      RF_ESTIMATORS: 100
      MLP_HIDDEN_CHANNELS: 64
      MLP_HIDDEN_LAYERS: 1
      MLP_MAX_ITER: 3000
      MLP_LEARNING_RATE: 0.01
      MLP_ALPHA: 0.005
      VALIDATION_SPLIT: 0.8
      TEST_SPLIT: 0.9
      SHOW_INFO: True
    Running model...
 Converting graphs to PyTorch Geometric format...

    ====================
    Number of graphs: 12206
    Number of train graphs: 9764
    Number of validation graphs: 1220
    Number of test graphs: 1222
    Percentage of passes in train set: 50.00%
    Percentage of rushes in train set: 50.00%
    Percentage of passes in validation set: 50.00%
    Percentage of rushes in validation set: 50.00%
    Percentage of passes in test set: 50.00%
    Percentage of rushes in test set: 50.00%

Data(x=[22, 23], edge_index=[2, 51], edge_attr=[51, 1], y=[1])
    =============================================================
    Number of nodes: 22
    Number of node features: 23
    Number of edges: 51
    Average node degree: 2.32
    Has isolated nodes: False
    Has self-loops: False
    Is undirected: False
 Converting graphs to PyTorch Geometric format...
 Converting graphs to PyTorch Geometric format...
 Converting graphs to PyTorch Geometric format...
 Converting graphs to PyTorch Geometric format...
    GCN(
  (conv1): GCNConv(23, 64)
  (conv2): GCNConv(64, 64)
  (conv3): GCNConv(64, 64)
  (lin): Linear(in_features=64, out_features=2, bias=True)
)

    Epoch: 010, Total Loss: 0.0097, Train Acc: 0.6661, Val Acc: 0.6893
    Epoch: 020, Total Loss: 0.0092, Train Acc: 0.7051, Val Acc: 0.7066
    Epoch: 030, Total Loss: 0.0090, Train Acc: 0.6930, Val Acc: 0.6861
    Epoch: 040, Total Loss: 0.0090, Train Acc: 0.7330, Val Acc: 0.7164
    Epoch: 050, Total Loss: 0.0087, Train Acc: 0.7342, Val Acc: 0.7303
    Epoch: 060, Total Loss: 0.0087, Train Acc: 0.7379, Val Acc: 0.7352
    Epoch: 070, Total Loss: 0.0084, Train Acc: 0.7462, Val Acc: 0.7336
    Epoch: 080, Total Loss: 0.0084, Train Acc: 0.7505, Val Acc: 0.7377
    Epoch: 090, Total Loss: 0.0082, Train Acc: 0.7246, Val Acc: 0.7320
    Epoch: 100, Total Loss: 0.0082, Train Acc: 0.7342, Val Acc: 0.7385
    Epoch: 110, Total Loss: 0.0081, Train Acc: 0.7517, Val Acc: 0.7377
    Epoch: 120, Total Loss: 0.0081, Train Acc: 0.7520, Val Acc: 0.7443
    Epoch: 130, Total Loss: 0.0081, Train Acc: 0.7618, Val Acc: 0.7574
    Epoch: 140, Total Loss: 0.0081, Train Acc: 0.7488, Val Acc: 0.7533
    Epoch: 150, Total Loss: 0.0080, Train Acc: 0.7529, Val Acc: 0.7574
    Epoch: 160, Total Loss: 0.0080, Train Acc: 0.7530, Val Acc: 0.7311
    Epoch: 170, Total Loss: 0.0079, Train Acc: 0.7677, Val Acc: 0.7508
    Epoch: 180, Total Loss: 0.0079, Train Acc: 0.7694, Val Acc: 0.7557
    Epoch: 190, Total Loss: 0.0078, Train Acc: 0.7570, Val Acc: 0.7516
    Epoch: 200, Total Loss: 0.0078, Train Acc: 0.7511, Val Acc: 0.7557
    Epoch: 210, Total Loss: 0.0077, Train Acc: 0.7589, Val Acc: 0.7615
    Epoch: 220, Total Loss: 0.0077, Train Acc: 0.7651, Val Acc: 0.7549
    Epoch: 230, Total Loss: 0.0078, Train Acc: 0.7692, Val Acc: 0.7672
    Epoch: 240, Total Loss: 0.0077, Train Acc: 0.7535, Val Acc: 0.7451
    Epoch: 250, Total Loss: 0.0077, Train Acc: 0.7699, Val Acc: 0.7598
    Epoch: 260, Total Loss: 0.0077, Train Acc: 0.7676, Val Acc: 0.7582
    Epoch: 270, Total Loss: 0.0077, Train Acc: 0.7524, Val Acc: 0.7418
    Epoch: 280, Total Loss: 0.0076, Train Acc: 0.7644, Val Acc: 0.7648
    Epoch: 290, Total Loss: 0.0077, Train Acc: 0.7439, Val Acc: 0.7279
    Epoch: 300, Total Loss: 0.0076, Train Acc: 0.7661, Val Acc: 0.7705
    Epoch: 310, Total Loss: 0.0076, Train Acc: 0.7661, Val Acc: 0.7664
    Epoch: 320, Total Loss: 0.0076, Train Acc: 0.7689, Val Acc: 0.7566
    Epoch: 330, Total Loss: 0.0076, Train Acc: 0.7760, Val Acc: 0.7689
    Epoch: 340, Total Loss: 0.0076, Train Acc: 0.7572, Val Acc: 0.7426
    Epoch: 350, Total Loss: 0.0076, Train Acc: 0.7732, Val Acc: 0.7598
    Epoch: 360, Total Loss: 0.0076, Train Acc: 0.7734, Val Acc: 0.7639
    Epoch: 370, Total Loss: 0.0076, Train Acc: 0.7760, Val Acc: 0.7631
    Epoch: 380, Total Loss: 0.0076, Train Acc: 0.7778, Val Acc: 0.7664
    Epoch: 390, Total Loss: 0.0076, Train Acc: 0.7646, Val Acc: 0.7598
    Epoch: 400, Total Loss: 0.0076, Train Acc: 0.7743, Val Acc: 0.7549
    Epoch: 410, Total Loss: 0.0076, Train Acc: 0.7726, Val Acc: 0.7639
    Epoch: 420, Total Loss: 0.0075, Train Acc: 0.7771, Val Acc: 0.7746
    Epoch: 430, Total Loss: 0.0075, Train Acc: 0.7708, Val Acc: 0.7623
    Epoch: 440, Total Loss: 0.0075, Train Acc: 0.7765, Val Acc: 0.7615
    Epoch: 450, Total Loss: 0.0075, Train Acc: 0.7795, Val Acc: 0.7697
    Epoch: 460, Total Loss: 0.0076, Train Acc: 0.7761, Val Acc: 0.7738
    Epoch: 470, Total Loss: 0.0075, Train Acc: 0.7708, Val Acc: 0.7566
    Epoch: 480, Total Loss: 0.0076, Train Acc: 0.7697, Val Acc: 0.7582
    Epoch: 490, Total Loss: 0.0075, Train Acc: 0.7560, Val Acc: 0.7393
    Epoch: 500, Total Loss: 0.0075, Train Acc: 0.7726, Val Acc: 0.7672

    ====================
    Min loss: 0.0074 at epoch 486
    Max train acc: 0.7822 at epoch 492
    Max validation acc: 0.7836 at epoch 346
    Best metrics of last model:
    Test accuracy: 0.7782
                  precision    recall  f1-score   support

        Rush       0.72      0.90      0.80       611
        Pass       0.86      0.66      0.75       611

    accuracy                           0.78      1222
   macro avg       0.79      0.78      0.78      1222
weighted avg       0.79      0.78      0.78      1222

    Best metrics of best model:
    Test accuracy: 0.7782
                  precision    recall  f1-score   support

        Rush       0.72      0.90      0.80       611
        Pass       0.86      0.66      0.75       611

    accuracy                           0.78      1222
   macro avg       0.79      0.78      0.78      1222
weighted avg       0.79      0.78      0.78      1222

    ====================

    🎯 Random Forest Accuracy: 0.7283
                  precision    recall  f1-score   support

        Rush       0.71      0.78      0.74       611
        Pass       0.76      0.68      0.71       611

    accuracy                           0.73      1222
   macro avg       0.73      0.73      0.73      1222
weighted avg       0.73      0.73      0.73      1222

    🤖 MLP Accuracy: 0.7226
                  precision    recall  f1-score   support

        Rush       0.71      0.74      0.73       611
        Pass       0.73      0.70      0.72       611

    accuracy                           0.72      1222
   macro avg       0.72      0.72      0.72      1222
weighted avg       0.72      0.72      0.72      1222

  Iteration 7/20
    CONFIG values:
      RANDOM_SEED: 7
      GNN_EPOCHS: 500
      GNN_HIDDEN_CHANNELS: 64
      GNN_HIDDEN_LAYERS: 2
      GNN_LEARNING_RATE: 0.001
      GNN_DROPOUT: 0.2
      GNN_WEIGHT_DECAY: 0.0005
      RF_ESTIMATORS: 50
      MLP_HIDDEN_CHANNELS: 64
      MLP_HIDDEN_LAYERS: 3
      MLP_MAX_ITER: 3000
      MLP_LEARNING_RATE: 0.01
      MLP_ALPHA: 0.005
      VALIDATION_SPLIT: 0.8
      TEST_SPLIT: 0.9
      SHOW_INFO: True
    Running model...
 Converting graphs to PyTorch Geometric format...

    ====================
    Number of graphs: 12206
    Number of train graphs: 9764
    Number of validation graphs: 1220
    Number of test graphs: 1222
    Percentage of passes in train set: 50.00%
    Percentage of rushes in train set: 50.00%
    Percentage of passes in validation set: 50.00%
    Percentage of rushes in validation set: 50.00%
    Percentage of passes in test set: 50.00%
    Percentage of rushes in test set: 50.00%

Data(x=[22, 23], edge_index=[2, 49], edge_attr=[49, 1], y=[1])
    =============================================================
    Number of nodes: 22
    Number of node features: 23
    Number of edges: 49
    Average node degree: 2.23
    Has isolated nodes: False
    Has self-loops: False
    Is undirected: False
 Converting graphs to PyTorch Geometric format...
 Converting graphs to PyTorch Geometric format...
 Converting graphs to PyTorch Geometric format...
 Converting graphs to PyTorch Geometric format...
    GCN(
  (conv1): GCNConv(23, 64)
  (conv2): GCNConv(64, 64)
  (conv3): GCNConv(64, 64)
  (lin): Linear(in_features=64, out_features=2, bias=True)
)

    Epoch: 010, Total Loss: 0.0100, Train Acc: 0.6757, Val Acc: 0.6975
    Epoch: 020, Total Loss: 0.0094, Train Acc: 0.7016, Val Acc: 0.6967
    Epoch: 030, Total Loss: 0.0090, Train Acc: 0.7294, Val Acc: 0.7197
    Epoch: 040, Total Loss: 0.0086, Train Acc: 0.7353, Val Acc: 0.7303
    Epoch: 050, Total Loss: 0.0085, Train Acc: 0.7331, Val Acc: 0.7320
    Epoch: 060, Total Loss: 0.0086, Train Acc: 0.7415, Val Acc: 0.7451
    Epoch: 070, Total Loss: 0.0085, Train Acc: 0.6883, Val Acc: 0.6943
    Epoch: 080, Total Loss: 0.0083, Train Acc: 0.7501, Val Acc: 0.7500
